Added Component: Designator=BAT100(BH-67D-5)
Add component (AddParameter): Name = "Supplier 1"; Value = "Digi-Key"; VariantName = "[No Variations]"
Add component (AddParameter): Name = "Supplier Part Number 1"; Value = "2057-BH-67D-5-ND"; VariantName = "[No Variations]"
Added Component: Designator=C100(CAP_0603_MURATA)
Add component (AddParameter): Name = "Supplier 1"; Value = "Arrow Electronics"; VariantName = "[No Variations]"
Add component (AddParameter): Name = "Supplier Part Number 1"; Value = "GRM188Z71A106KA73D"; VariantName = "[No Variations]"
Added Component: Designator=C101(WCAP-ASLI_D4H5.5)
Add component (AddParameter): Name = "Capacitance"; Value = "4.7µF"; VariantName = "[No Variations]"
Add component (AddParameter): Name = "Case/Package"; Value = "Radial"; VariantName = "[No Variations]"
Add component (AddParameter): Name = "Diameter"; Value = "4mm"; VariantName = "[No Variations]"
Add component (AddParameter): Name = "ESR (Equivalent Series Resistance)"; Value = "3.70253O"; VariantName = "[No Variations]"
Add component (AddParameter): Name = "Height"; Value = "5.5mm"; VariantName = "[No Variations]"
Add component (AddParameter): Name = "Height - Seated (Max)"; Value = "5.5118mm"; VariantName = "[No Variations]"
Add component (AddParameter): Name = "Impedance"; Value = "4.5O"; VariantName = "[No Variations]"
Add component (AddParameter): Name = "Insulation Resistance"; Value = "16.6667MO"; VariantName = "[No Variations]"
Add component (AddParameter): Name = "Leakage Current"; Value = "3µA"; VariantName = "[No Variations]"
Add component (AddParameter): Name = "Length"; Value = "5.5mm"; VariantName = "[No Variations]"
Add component (AddParameter): Name = "Life (Hours)"; Value = "2000hours"; VariantName = "[No Variations]"
Add component (AddParameter): Name = "Material"; Value = "Aluminium"; VariantName = "[No Variations]"
Add component (AddParameter): Name = "Max Operating Temperature"; Value = "105°C"; VariantName = "[No Variations]"
Add component (AddParameter): Name = "Min Operating Temperature"; Value = "-55°C"; VariantName = "[No Variations]"
Add component (AddParameter): Name = "Mount"; Value = "Surface Mount"; VariantName = "[No Variations]"
Add component (AddParameter): Name = "NexarPartId"; Value = "53914613"; VariantName = "[No Variations]"
Add component (AddParameter): Name = "Packaging"; Value = "Cut Tape (CT)"; VariantName = "[No Variations]"
Add component (AddParameter): Name = "Polarity"; Value = "Polar"; VariantName = "[No Variations]"
Add component (AddParameter): Name = "REACH SVHC"; Value = "Unknown"; VariantName = "[No Variations]"
Add component (AddParameter): Name = "Ripple Current"; Value = "55mA"; VariantName = "[No Variations]"
Add component (AddParameter): Name = "Ripple Current (AC)"; Value = "55mA"; VariantName = "[No Variations]"
Add component (AddParameter): Name = "RoHS"; Value = "Compliant"; VariantName = "[No Variations]"
Add component (AddParameter): Name = "Tolerance"; Value = "20%"; VariantName = "[No Variations]"
Add component (AddParameter): Name = "Voltage Rating"; Value = "50V"; VariantName = "[No Variations]"
Add component (AddParameter): Name = "Voltage Rating (DC)"; Value = "50V"; VariantName = "[No Variations]"
Add component (AddParameter): Name = "Width"; Value = "4.3mm"; VariantName = "[No Variations]"
Added Component: Designator=C102(CAP_0603_MURATA)
Add component (AddParameter): Name = "Supplier 1"; Value = "Mouser"; VariantName = "[No Variations]"
Add component (AddParameter): Name = "Supplier Part Number 1"; Value = "81-GCM188R71H104JA7D"; VariantName = "[No Variations]"
Added Component: Designator=C103(CAP_0603_MURATA)
Add component (AddParameter): Name = "Supplier 1"; Value = "Mouser"; VariantName = "[No Variations]"
Add component (AddParameter): Name = "Supplier Part Number 1"; Value = "81-GCM188R71H104JA7D"; VariantName = "[No Variations]"
Added Component: Designator=C104(CAP_0603_MURATA)
Add component (AddParameter): Name = "Supplier 1"; Value = "Mouser"; VariantName = "[No Variations]"
Add component (AddParameter): Name = "Supplier Part Number 1"; Value = "81-GCM188R71H104JA7D"; VariantName = "[No Variations]"
Added Component: Designator=C105(CAP_0603_MURATA)
Add component (AddParameter): Name = "Supplier 1"; Value = "Mouser"; VariantName = "[No Variations]"
Add component (AddParameter): Name = "Supplier Part Number 1"; Value = "81-GCM188R71H104JA7D"; VariantName = "[No Variations]"
Added Component: Designator=C106(CAP_0603_MURATA)
Add component (AddParameter): Name = "Supplier 1"; Value = "Arrow Electronics"; VariantName = "[No Variations]"
Add component (AddParameter): Name = "Supplier Part Number 1"; Value = "GCM188R71C105KA64J"; VariantName = "[No Variations]"
Added Component: Designator=C107(CAP_0603_MURATA)
Add component (AddParameter): Name = "Supplier 1"; Value = "Arrow Electronics"; VariantName = "[No Variations]"
Add component (AddParameter): Name = "Supplier Part Number 1"; Value = "GCM188R71C105KA64J"; VariantName = "[No Variations]"
Added Component: Designator=C108(WCAP-ASLL_D4H5.5)
Add component (AddParameter): Name = "Capacitance"; Value = "1µF"; VariantName = "[No Variations]"
Add component (AddParameter): Name = "Case/Package"; Value = "Radial"; VariantName = "[No Variations]"
Add component (AddParameter): Name = "Diameter"; Value = "4mm"; VariantName = "[No Variations]"
Add component (AddParameter): Name = "Height"; Value = "5.5mm"; VariantName = "[No Variations]"
Add component (AddParameter): Name = "Height - Seated (Max)"; Value = "5.5118mm"; VariantName = "[No Variations]"
Add component (AddParameter): Name = "Impedance"; Value = "4.4O"; VariantName = "[No Variations]"
Add component (AddParameter): Name = "Insulation Resistance"; Value = "16.6667MO"; VariantName = "[No Variations]"
Add component (AddParameter): Name = "Leakage Current"; Value = "3µA"; VariantName = "[No Variations]"
Add component (AddParameter): Name = "Length"; Value = "5.5mm"; VariantName = "[No Variations]"
Add component (AddParameter): Name = "Life (Hours)"; Value = "2000hours"; VariantName = "[No Variations]"
Add component (AddParameter): Name = "Max Operating Temperature"; Value = "105°C"; VariantName = "[No Variations]"
Add component (AddParameter): Name = "Min Operating Temperature"; Value = "-55°C"; VariantName = "[No Variations]"
Add component (AddParameter): Name = "Mount"; Value = "Surface Mount"; VariantName = "[No Variations]"
Add component (AddParameter): Name = "NexarPartId"; Value = "53914524"; VariantName = "[No Variations]"
Add component (AddParameter): Name = "Packaging"; Value = "Tape & Reel (TR)"; VariantName = "[No Variations]"
Add component (AddParameter): Name = "Polarity"; Value = "Polar"; VariantName = "[No Variations]"
Add component (AddParameter): Name = "REACH SVHC"; Value = "Unknown"; VariantName = "[No Variations]"
Add component (AddParameter): Name = "Ripple Current"; Value = "60mA"; VariantName = "[No Variations]"
Add component (AddParameter): Name = "Ripple Current (AC)"; Value = "60mA"; VariantName = "[No Variations]"
Add component (AddParameter): Name = "RoHS"; Value = "Compliant"; VariantName = "[No Variations]"
Add component (AddParameter): Name = "Tolerance"; Value = "20%"; VariantName = "[No Variations]"
Add component (AddParameter): Name = "Voltage Rating"; Value = "50V"; VariantName = "[No Variations]"
Add component (AddParameter): Name = "Voltage Rating (DC)"; Value = "50V"; VariantName = "[No Variations]"
Added Component: Designator=C109(CAP_0603_MURATA)
Add component (AddParameter): Name = "Supplier 1"; Value = "Arrow Electronics"; VariantName = "[No Variations]"
Add component (AddParameter): Name = "Supplier Part Number 1"; Value = "GCM188R72A103KA37J"; VariantName = "[No Variations]"
Added Component: Designator=C200(CAP_0603_MURATA)
Add component (AddParameter): Name = "Supplier 1"; Value = "Mouser"; VariantName = "[No Variations]"
Add component (AddParameter): Name = "Supplier Part Number 1"; Value = "81-GCD188R71H222MA1D"; VariantName = "[No Variations]"
Added Component: Designator=C201(CAP_0603_MURATA)
Add component (AddParameter): Name = "Supplier 1"; Value = "Arrow Electronics"; VariantName = "[No Variations]"
Add component (AddParameter): Name = "Supplier Part Number 1"; Value = "GCM188R72A103KA37J"; VariantName = "[No Variations]"
Added Component: Designator=C202(CAP_0603_MURATA)
Add component (AddParameter): Name = "Supplier 1"; Value = "Mouser"; VariantName = "[No Variations]"
Add component (AddParameter): Name = "Supplier Part Number 1"; Value = "81-GCM188R71H104JA7D"; VariantName = "[No Variations]"
Added Component: Designator=C203(CAP_0603_MURATA)
Add component (AddParameter): Name = "Supplier 1"; Value = "Mouser"; VariantName = "[No Variations]"
Add component (AddParameter): Name = "Supplier Part Number 1"; Value = "81-GCM188R71H104JA7D"; VariantName = "[No Variations]"
Added Component: Designator=C300(CAP_0603_MURATA)
Add component (AddParameter): Name = "Supplier 1"; Value = "Mouser"; VariantName = "[No Variations]"
Add component (AddParameter): Name = "Supplier Part Number 1"; Value = "81-GCM188R71H104JA7D"; VariantName = "[No Variations]"
Added Component: Designator=C301(CAP_0603_MURATA)
Add component (AddParameter): Name = "Supplier 1"; Value = "Arrow Electronics"; VariantName = "[No Variations]"
Added Component: Designator=C302(CAP_0603_MURATA)
Add component (AddParameter): Name = "Supplier 1"; Value = "Arrow Electronics"; VariantName = "[No Variations]"
Added Component: Designator=D100(WL-SMCW_0603_150060xx75000)
Add component (AddParameter): Name = "Case Code (Imperial)"; Value = "0603"; VariantName = "[No Variations]"
Add component (AddParameter): Name = "Case Code (Metric)"; Value = "1608"; VariantName = "[No Variations]"
Add component (AddParameter): Name = "Case/Package"; Value = "0603"; VariantName = "[No Variations]"
Add component (AddParameter): Name = "Color"; Value = "Green"; VariantName = "[No Variations]"
Add component (AddParameter): Name = "Dominant Wavelength"; Value = "570nm"; VariantName = "[No Variations]"
Add component (AddParameter): Name = "Forward Current"; Value = "100mA"; VariantName = "[No Variations]"
Add component (AddParameter): Name = "Forward Voltage"; Value = "2V"; VariantName = "[No Variations]"
Add component (AddParameter): Name = "Height"; Value = "700µm"; VariantName = "[No Variations]"
Add component (AddParameter): Name = "Length"; Value = "1.6mm"; VariantName = "[No Variations]"
Add component (AddParameter): Name = "Lens Style"; Value = "Clear, Rectangular"; VariantName = "[No Variations]"
Add component (AddParameter): Name = "Luminous Intensity"; Value = "40mcd"; VariantName = "[No Variations]"
Add component (AddParameter): Name = "Max Junction Temperature (Tj)"; Value = "95°C"; VariantName = "[No Variations]"
Add component (AddParameter): Name = "Max Operating Temperature"; Value = "85°C"; VariantName = "[No Variations]"
Add component (AddParameter): Name = "Max Reverse Voltage (DC)"; Value = "5V"; VariantName = "[No Variations]"
Add component (AddParameter): Name = "Min Operating Temperature"; Value = "-40°C"; VariantName = "[No Variations]"
Add component (AddParameter): Name = "Mount"; Value = "Surface Mount"; VariantName = "[No Variations]"
Add component (AddParameter): Name = "NexarPartId"; Value = "29717778"; VariantName = "[No Variations]"
Add component (AddParameter): Name = "Number of Pins"; Value = "2"; VariantName = "[No Variations]"
Add component (AddParameter): Name = "Packaging"; Value = "Tape and Reel"; VariantName = "[No Variations]"
Add component (AddParameter): Name = "Peak Wavelength"; Value = "572nm"; VariantName = "[No Variations]"
Add component (AddParameter): Name = "Power Dissipation"; Value = "72mW"; VariantName = "[No Variations]"
Add component (AddParameter): Name = "REACH SVHC"; Value = "Unknown"; VariantName = "[No Variations]"
Add component (AddParameter): Name = "Reverse Voltage"; Value = "5V"; VariantName = "[No Variations]"
Add component (AddParameter): Name = "RoHS"; Value = "Compliant"; VariantName = "[No Variations]"
Add component (AddParameter): Name = "Test Current"; Value = "20mA"; VariantName = "[No Variations]"
Add component (AddParameter): Name = "Viewing Angle"; Value = "140°"; VariantName = "[No Variations]"
Add component (AddParameter): Name = "Wavelength"; Value = "570nm"; VariantName = "[No Variations]"
Add component (AddParameter): Name = "Width"; Value = "800µm"; VariantName = "[No Variations]"
Added Component: Designator=D500(ASMB-TTF0-0A20B)
Add component (AddParameter): Name = "Supplier 1"; Value = "Newark"; VariantName = "[No Variations]"
Add component (AddParameter): Name = "Supplier Part Number 1"; Value = "57AC0504"; VariantName = "[No Variations]"
Added Component: Designator=J400(FP-GEC04SBSN-M89-MFG)
Add component (AddParameter): Name = "Color"; Value = "Black"; VariantName = "[No Variations]"
Add component (AddParameter): Name = "Connector Type"; Value = "Male Pin"; VariantName = "[No Variations]"
Add component (AddParameter): Name = "Contact Finish - Mating"; Value = "TIN"; VariantName = "[No Variations]"
Add component (AddParameter): Name = "Contact Material"; Value = "Bronze"; VariantName = "[No Variations]"
Add component (AddParameter): Name = "Contact Mating Length"; Value = "0.23inch"; VariantName = "[No Variations]"
Add component (AddParameter): Name = "Contact Plating"; Value = "Tin"; VariantName = "[No Variations]"
Add component (AddParameter): Name = "Contact Shape"; Value = "Square"; VariantName = "[No Variations]"
Add component (AddParameter): Name = "Contact Type"; Value = "Male Pin"; VariantName = "[No Variations]"
Add component (AddParameter): Name = "Fastening Type"; Value = "Pull"; VariantName = "[No Variations]"
Add component (AddParameter): Name = "Flammability Rating"; Value = "UL94 V-0"; VariantName = "[No Variations]"
Add component (AddParameter): Name = "Gender"; Value = "Male"; VariantName = "[No Variations]"
Add component (AddParameter): Name = "Height"; Value = "3.56mm"; VariantName = "[No Variations]"
Add component (AddParameter): Name = "Housing Color"; Value = "Black"; VariantName = "[No Variations]"
Add component (AddParameter): Name = "Housing Material"; Value = "Plastic"; VariantName = "[No Variations]"
Add component (AddParameter): Name = "Insulation Color"; Value = "Black"; VariantName = "[No Variations]"
Add component (AddParameter): Name = "Insulation Material"; Value = "Nylon"; VariantName = "[No Variations]"
Add component (AddParameter): Name = "Lead Free"; Value = "Lead Free"; VariantName = "[No Variations]"
Add component (AddParameter): Name = "Length"; Value = "10.2mm"; VariantName = "[No Variations]"
Add component (AddParameter): Name = "Max Operating Temperature"; Value = "150°C"; VariantName = "[No Variations]"
Add component (AddParameter): Name = "Min Operating Temperature"; Value = "-65°C"; VariantName = "[No Variations]"
Add component (AddParameter): Name = "Mount"; Value = "Surface Mount"; VariantName = "[No Variations]"
Add component (AddParameter): Name = "Number of Contacts"; Value = "4"; VariantName = "[No Variations]"
Add component (AddParameter): Name = "Number of Positions"; Value = "4"; VariantName = "[No Variations]"
Add component (AddParameter): Name = "Number of Rows"; Value = "1"; VariantName = "[No Variations]"
Add component (AddParameter): Name = "Package Quantity"; Value = "1"; VariantName = "[No Variations]"
Add component (AddParameter): Name = "Packaging"; Value = "Bulk"; VariantName = "[No Variations]"
Add component (AddParameter): Name = "Pitch"; Value = "0.1inch"; VariantName = "[No Variations]"
Add component (AddParameter): Name = "RoHS Compliant"; Value = "Yes"; VariantName = "[No Variations]"
Add component (AddParameter): Name = "Series"; Value = "-"; VariantName = "[No Variations]"
Add component (AddParameter): Name = "Termination"; Value = "Solder"; VariantName = "[No Variations]"
Add component (AddParameter): Name = "Width"; Value = "2.54mm"; VariantName = "[No Variations]"
Added Component: Designator=J401(FP-GEC04SBSN-M89-MFG)
Add component (AddParameter): Name = "Color"; Value = "Black"; VariantName = "[No Variations]"
Add component (AddParameter): Name = "Connector Type"; Value = "Male Pin"; VariantName = "[No Variations]"
Add component (AddParameter): Name = "Contact Finish - Mating"; Value = "TIN"; VariantName = "[No Variations]"
Add component (AddParameter): Name = "Contact Material"; Value = "Bronze"; VariantName = "[No Variations]"
Add component (AddParameter): Name = "Contact Mating Length"; Value = "0.23inch"; VariantName = "[No Variations]"
Add component (AddParameter): Name = "Contact Plating"; Value = "Tin"; VariantName = "[No Variations]"
Add component (AddParameter): Name = "Contact Shape"; Value = "Square"; VariantName = "[No Variations]"
Add component (AddParameter): Name = "Contact Type"; Value = "Male Pin"; VariantName = "[No Variations]"
Add component (AddParameter): Name = "Fastening Type"; Value = "Pull"; VariantName = "[No Variations]"
Add component (AddParameter): Name = "Flammability Rating"; Value = "UL94 V-0"; VariantName = "[No Variations]"
Add component (AddParameter): Name = "Gender"; Value = "Male"; VariantName = "[No Variations]"
Add component (AddParameter): Name = "Height"; Value = "3.56mm"; VariantName = "[No Variations]"
Add component (AddParameter): Name = "Housing Color"; Value = "Black"; VariantName = "[No Variations]"
Add component (AddParameter): Name = "Housing Material"; Value = "Plastic"; VariantName = "[No Variations]"
Add component (AddParameter): Name = "Insulation Color"; Value = "Black"; VariantName = "[No Variations]"
Add component (AddParameter): Name = "Insulation Material"; Value = "Nylon"; VariantName = "[No Variations]"
Add component (AddParameter): Name = "Lead Free"; Value = "Lead Free"; VariantName = "[No Variations]"
Add component (AddParameter): Name = "Length"; Value = "10.2mm"; VariantName = "[No Variations]"
Add component (AddParameter): Name = "Max Operating Temperature"; Value = "150°C"; VariantName = "[No Variations]"
Add component (AddParameter): Name = "Min Operating Temperature"; Value = "-65°C"; VariantName = "[No Variations]"
Add component (AddParameter): Name = "Mount"; Value = "Surface Mount"; VariantName = "[No Variations]"
Add component (AddParameter): Name = "Number of Contacts"; Value = "4"; VariantName = "[No Variations]"
Add component (AddParameter): Name = "Number of Positions"; Value = "4"; VariantName = "[No Variations]"
Add component (AddParameter): Name = "Number of Rows"; Value = "1"; VariantName = "[No Variations]"
Add component (AddParameter): Name = "Package Quantity"; Value = "1"; VariantName = "[No Variations]"
Add component (AddParameter): Name = "Packaging"; Value = "Bulk"; VariantName = "[No Variations]"
Add component (AddParameter): Name = "Pitch"; Value = "0.1inch"; VariantName = "[No Variations]"
Add component (AddParameter): Name = "RoHS Compliant"; Value = "Yes"; VariantName = "[No Variations]"
Add component (AddParameter): Name = "Series"; Value = "-"; VariantName = "[No Variations]"
Add component (AddParameter): Name = "Termination"; Value = "Solder"; VariantName = "[No Variations]"
Add component (AddParameter): Name = "Width"; Value = "2.54mm"; VariantName = "[No Variations]"
Added Component: Designator=J402(MUSB-B5-S-RA-SMT-PP-T/R)
Add component (AddParameter): Name = "Supplier 1"; Value = "Arrow Electronics"; VariantName = "[No Variations]"
Add component (AddParameter): Name = "Supplier Part Number 1"; Value = "MUSB-B5-S-RA-SMT-PP-T/R"; VariantName = "[No Variations]"
Added Component: Designator=R100(RESC1608X55X25LL10T15)
Add component (AddParameter): Name = "Manufacturer"; Value = "Yageo"; VariantName = "[No Variations]"
Add component (AddParameter): Name = "Part Number"; Value = "RC0603JR-101KL"; VariantName = "[No Variations]"
Added Component: Designator=R200(RES_0603_YAGEO)
Add component (AddParameter): Name = "Manufacturer"; Value = "YAGEO"; VariantName = "[No Variations]"
Add component (AddParameter): Name = "Manufacturer Part Number"; Value = "RC0603JR-072K2L"; VariantName = "[No Variations]"
Add component (AddParameter): Name = "Supplier 1"; Value = "Future Electronics"; VariantName = "[No Variations]"
Add component (AddParameter): Name = "Supplier Part Number 1"; Value = "9707183"; VariantName = "[No Variations]"
Added Component: Designator=R201(RES_0603_YAGEO)
Add component (AddParameter): Name = "Manufacturer"; Value = "YAGEO"; VariantName = "[No Variations]"
Add component (AddParameter): Name = "Manufacturer Part Number"; Value = "RC0603JR-072K2L"; VariantName = "[No Variations]"
Add component (AddParameter): Name = "Supplier 1"; Value = "Future Electronics"; VariantName = "[No Variations]"
Add component (AddParameter): Name = "Supplier Part Number 1"; Value = "9707183"; VariantName = "[No Variations]"
Added Component: Designator=R300(RES_0603_YAGEO)
Add component (AddParameter): Name = "Manufacturer"; Value = "YAGEO"; VariantName = "[No Variations]"
Add component (AddParameter): Name = "Manufacturer Part Number"; Value = "AC0603FR-1310KL"; VariantName = "[No Variations]"
Add component (AddParameter): Name = "Supplier 1"; Value = "Arrow Electronics"; VariantName = "[No Variations]"
Added Component: Designator=R400(RES_0603_YAGEO)
Add component (AddParameter): Name = "Manufacturer"; Value = "YAGEO"; VariantName = "[No Variations]"
Add component (AddParameter): Name = "Manufacturer Part Number"; Value = "RC0603FR-131K5L"; VariantName = "[No Variations]"
Add component (AddParameter): Name = "Supplier 1"; Value = "Future Electronics"; VariantName = "[No Variations]"
Add component (AddParameter): Name = "Supplier Part Number 1"; Value = "7064402"; VariantName = "[No Variations]"
Added Component: Designator=R500(RES_0603_YAGEO)
Add component (AddParameter): Name = "Manufacturer"; Value = "YAGEO"; VariantName = "[No Variations]"
Add component (AddParameter): Name = "Manufacturer Part Number"; Value = "RC0603JR-101KL"; VariantName = "[No Variations]"
Add component (AddParameter): Name = "Supplier 1"; Value = "Arrow Electronics"; VariantName = "[No Variations]"
Add component (AddParameter): Name = "Supplier Part Number 1"; Value = "RC0603JR-101KL"; VariantName = "[No Variations]"
Added Component: Designator=R501(RES_0603_YAGEO)
Add component (AddParameter): Name = "Manufacturer"; Value = "YAGEO"; VariantName = "[No Variations]"
Add component (AddParameter): Name = "Manufacturer Part Number"; Value = "RC0603JR-101KL"; VariantName = "[No Variations]"
Add component (AddParameter): Name = "Supplier 1"; Value = "Arrow Electronics"; VariantName = "[No Variations]"
Add component (AddParameter): Name = "Supplier Part Number 1"; Value = "RC0603JR-101KL"; VariantName = "[No Variations]"
Added Component: Designator=R502(RESC1608X55X25LL10T15)
Add component (AddParameter): Name = "Manufacturer"; Value = "Yageo"; VariantName = "[No Variations]"
Add component (AddParameter): Name = "Part Number"; Value = "RC0603JR-101KL"; VariantName = "[No Variations]"
Added Component: Designator=SW100(CJS-1200TB1)
Add component (AddParameter): Name = "Supplier 1"; Value = "Avnet"; VariantName = "[No Variations]"
Add component (AddParameter): Name = "Supplier Part Number 1"; Value = "CJS-1200TB1"; VariantName = "[No Variations]"
Added Component: Designator=SW300(CJS-1200TB1)
Add component (AddParameter): Name = "Supplier 1"; Value = "Avnet"; VariantName = "[No Variations]"
Add component (AddParameter): Name = "Supplier Part Number 1"; Value = "CJS-1200TB1"; VariantName = "[No Variations]"
Added Component: Designator=SW301(EVP-BT1A4A000)
Add component (AddParameter): Name = "Supplier 1"; Value = "Mouser"; VariantName = "[No Variations]"
Add component (AddParameter): Name = "Supplier Part Number 1"; Value = "769-EVP-BT1A4A000"; VariantName = "[No Variations]"
Added Component: Designator=SW500(EVP-BT1A4A000)
Add component (AddParameter): Name = "Supplier 1"; Value = "Mouser"; VariantName = "[No Variations]"
Add component (AddParameter): Name = "Supplier Part Number 1"; Value = "769-EVP-BT1A4A000"; VariantName = "[No Variations]"
Added Component: Designator=TP100(TESTPOINT)
Added Component: Designator=TP101(TESTPOINT)
Added Component: Designator=TP102(TESTPOINT)
Added Component: Designator=TP103(TESTPOINT)
Added Component: Designator=TP200(TESTPOINT)
Added Component: Designator=TP201(TESTPOINT)
Added Component: Designator=TP300(TESTPOINT)
Added Component: Designator=TP301(TESTPOINT)
Added Component: Designator=TP302(TESTPOINT)
Added Component: Designator=TP400(TESTPOINT)
Added Component: Designator=TP401(TESTPOINT)
Added Component: Designator=TP402(TESTPOINT)
Added Component: Designator=TP403(TESTPOINT)
Added Component: Designator=TP404(TESTPOINT)
Added Component: Designator=TP405(TESTPOINT)
Added Component: Designator=TP500(TESTPOINT)
Added Component: Designator=TP501(TESTPOINT)
Added Component: Designator=TP502(TESTPOINT)
Added Component: Designator=U100(FP-TSOT-5LD-PL-1-MFG)
Add component (AddParameter): Name = "Accuracy"; Value = "2%"; VariantName = "[No Variations]"
Add component (AddParameter): Name = "Case/Package"; Value = "SOT-23-5"; VariantName = "[No Variations]"
Add component (AddParameter): Name = "Dropout Voltage"; Value = "155mV"; VariantName = "[No Variations]"
Add component (AddParameter): Name = "Height"; Value = "1mm"; VariantName = "[No Variations]"
Add component (AddParameter): Name = "Lifecycle Status"; Value = "Production"; VariantName = "[No Variations]"
Add component (AddParameter): Name = "Max Junction Temperature (Tj)"; Value = "125°C"; VariantName = "[No Variations]"
Add component (AddParameter): Name = "Max Operating Temperature"; Value = "125°C"; VariantName = "[No Variations]"
Add component (AddParameter): Name = "Max Supply Voltage"; Value = "5.5V"; VariantName = "[No Variations]"
Add component (AddParameter): Name = "Min Current Limit"; Value = "200mA"; VariantName = "[No Variations]"
Add component (AddParameter): Name = "Min Operating Temperature"; Value = "-40°C"; VariantName = "[No Variations]"
Add component (AddParameter): Name = "Min Supply Voltage"; Value = "2.5V"; VariantName = "[No Variations]"
Add component (AddParameter): Name = "Mount"; Value = "Surface Mount"; VariantName = "[No Variations]"
Add component (AddParameter): Name = "NexarPartId"; Value = "66803206"; VariantName = "[No Variations]"
Add component (AddParameter): Name = "Number of Outputs"; Value = "1"; VariantName = "[No Variations]"
Add component (AddParameter): Name = "Number of Regulators"; Value = "1"; VariantName = "[No Variations]"
Add component (AddParameter): Name = "Output Current"; Value = "150mA"; VariantName = "[No Variations]"
Add component (AddParameter): Name = "Output Voltage"; Value = "3V"; VariantName = "[No Variations]"
Add component (AddParameter): Name = "RoHS"; Value = "Compliant"; VariantName = "[No Variations]"
Added Component: Designator=U200(IS-QFN-24_V)
Add component (AddParameter): Name = "Category"; Value = "Sensors,Transducers"; VariantName = "[No Variations]"
Add component (AddParameter): Name = "Datasheet URL"; Value = "http://datasheet.octopart.com/MPU-6050-InvenSense-datasheet-14421344.pdf"; VariantName = "[No Variations]"
Add component (AddParameter): Name = "Datasheet Version"; Value = "Rev. 3.3, 05/2012"; VariantName = "[No Variations]"
Add component (AddParameter): Name = "Dynamic Catalog"; Value = "MPU-6000™Series"; VariantName = "[No Variations]"
Add component (AddParameter): Name = "Family"; Value = "Multifunction"; VariantName = "[No Variations]"
Add component (AddParameter): Name = "Featured Product"; Value = "MPU-60506-Axis,IntegratedI²CSolution"; VariantName = "[No Variations]"
Add component (AddParameter): Name = "Manufacturer"; Value = "InvenSense"; VariantName = "[No Variations]"
Add component (AddParameter): Name = "Manufacturer URL"; Value = "http://www.invensense.com/"; VariantName = "[No Variations]"
Add component (AddParameter): Name = "Online Catalog"; Value = "MPU-6000™Series"; VariantName = "[No Variations]"
Add component (AddParameter): Name = "Other Names"; Value = "1428-1007-2
MPU6050"; VariantName = "[No Variations]"
Add component (AddParameter): Name = "Output Type"; Value = "Digital"; VariantName = "[No Variations]"
Add component (AddParameter): Name = "Sensor Type"; Value = "MotionTracking"; VariantName = "[No Variations]"
Add component (AddParameter): Name = "Standard Package"; Value = "5,000"; VariantName = "[No Variations]"
Add component (AddParameter): Name = "Unit PriceUSD"; Value = "Digital"; VariantName = "[No Variations]"
Added Component: Designator=U300(FP-LQFP64-5W-MFG)
Add component (AddParameter): Name = "Ambient Temperature Range High"; Value = "+85°C"; VariantName = "[No Variations]"
Add component (AddParameter): Name = "Ambient Temperature Range Low"; Value = "-40°C"; VariantName = "[No Variations]"
Add component (AddParameter): Name = "Automotive"; Value = "No"; VariantName = "[No Variations]"
Add component (AddParameter): Name = "Category"; Value = "IC"; VariantName = "[No Variations]"
Add component (AddParameter): Name = "ComponentLink2Description"; Value = "Datasheet"; VariantName = "[No Variations]"
Add component (AddParameter): Name = "ComponentLink2URL"; Value = "https://www.st.com/resource/en/datasheet/stm32f303re.pdf"; VariantName = "[No Variations]"
Add component (AddParameter): Name = "Core Architecture"; Value = "ARM Cortex-M4"; VariantName = "[No Variations]"
Add component (AddParameter): Name = "Data Bus Width"; Value = "32bits"; VariantName = "[No Variations]"
Add component (AddParameter): Name = "Device Class L1"; Value = "Integrated Circuits (ICs)"; VariantName = "[No Variations]"
Add component (AddParameter): Name = "Device Class L2"; Value = "Embedded Processors and Controllers"; VariantName = "[No Variations]"
Add component (AddParameter): Name = "Device Class L3"; Value = "Microcontrollers"; VariantName = "[No Variations]"
Add component (AddParameter): Name = "Digikey Description"; Value = "IC MCU 32BIT 512KB FLASH 64LQFP"; VariantName = "[No Variations]"
Add component (AddParameter): Name = "Frequency"; Value = "72MHz"; VariantName = "[No Variations]"
Add component (AddParameter): Name = "Height"; Value = "1.6mm"; VariantName = "[No Variations]"
Add component (AddParameter): Name = "Interface"; Value = "I2C,SPI,UART,USART,CAN,USB,LIN,IrDA,I2S"; VariantName = "[No Variations]"
Add component (AddParameter): Name = "Lead Free"; Value = "Yes"; VariantName = "[No Variations]"
Add component (AddParameter): Name = "Manufacturer"; Value = "STMicroelectronics"; VariantName = "[No Variations]"
Add component (AddParameter): Name = "Manufacturer Part Number"; Value = "STM32F303RET6"; VariantName = "[No Variations]"
Add component (AddParameter): Name = "Max Junction Temp"; Value = "+105°C"; VariantName = "[No Variations]"
Add component (AddParameter): Name = "Max Supply Voltage"; Value = "3.6V"; VariantName = "[No Variations]"
Add component (AddParameter): Name = "Memory Size"; Value = "512KBytes"; VariantName = "[No Variations]"
Add component (AddParameter): Name = "Memory Type"; Value = "FLASH"; VariantName = "[No Variations]"
Add component (AddParameter): Name = "Min Supply Voltage"; Value = "2V"; VariantName = "[No Variations]"
Add component (AddParameter): Name = "Mouser Description"; Value = "MCU 32-Bit STM32 ARM Cortex M4 RISC 512KB Flash 2.5V/3.3V 64-Pin LQFP Tray"; VariantName = "[No Variations]"
Add component (AddParameter): Name = "Nominal Supply Current"; Value = "4.27-66.4mA"; VariantName = "[No Variations]"
Add component (AddParameter): Name = "Number Of A/D Converters"; Value = "4"; VariantName = "[No Variations]"
Add component (AddParameter): Name = "Number Of Adc Channels"; Value = "22"; VariantName = "[No Variations]"
Add component (AddParameter): Name = "Number Of Cores"; Value = "1"; VariantName = "[No Variations]"
Add component (AddParameter): Name = "Number Of I2C Channels"; Value = "3"; VariantName = "[No Variations]"
Add component (AddParameter): Name = "Number Of I/Os"; Value = "26"; VariantName = "[No Variations]"
Add component (AddParameter): Name = "Number Of Pwm Channels"; Value = "31"; VariantName = "[No Variations]"
Add component (AddParameter): Name = "Number Of Spi Channels"; Value = "4"; VariantName = "[No Variations]"
Add component (AddParameter): Name = "Number Of Timers/Counters"; Value = "6"; VariantName = "[No Variations]"
Add component (AddParameter): Name = "Number Of Uart Channels"; Value = "2"; VariantName = "[No Variations]"
Add component (AddParameter): Name = "Number Of Usb Channels"; Value = "1"; VariantName = "[No Variations]"
Add component (AddParameter): Name = "Octopart"; Value = "https://octopart.com/stm32f303ret6-stmicroelectronics-53115257"; VariantName = "[No Variations]"
Add component (AddParameter): Name = "Package"; Value = "LQFP64-5W"; VariantName = "[No Variations]"
Add component (AddParameter): Name = "Ram Size"; Value = "80KBytes"; VariantName = "[No Variations]"
Add component (AddParameter): Name = "RoHS"; Value = "TRUE"; VariantName = "[No Variations]"
Add component (AddParameter): Name = "Standoff Height"; Value = "0.05mm"; VariantName = "[No Variations]"
Add component (AddParameter): Name = "Temperature"; Value = "-40°C to +105°C"; VariantName = "[No Variations]"
Add component (AddParameter): Name = "Temperature Range High"; Value = "+105°C"; VariantName = "[No Variations]"
Add component (AddParameter): Name = "Temperature Range Low"; Value = "-40°C"; VariantName = "[No Variations]"
Added Component: Designator=U400(PUSB3FR6Z)
Add component (AddParameter): Name = "Supplier 1"; Value = "Arrow Electronics"; VariantName = "[No Variations]"
Add component (AddParameter): Name = "Supplier Part Number 1"; Value = "PUSB3FR6Z"; VariantName = "[No Variations]"
Added Component: Designator=U401(PUSB3FR6Z)
Add component (AddParameter): Name = "Supplier 1"; Value = "Arrow Electronics"; VariantName = "[No Variations]"
Add component (AddParameter): Name = "Supplier Part Number 1"; Value = "PUSB3FR6Z"; VariantName = "[No Variations]"
Added Component: Designator=Y300(CX2016SA32000H0FLJG1)
Add component (AddParameter): Name = "Supplier 1"; Value = "Digi-Key"; VariantName = "[No Variations]"
Add component (AddParameter): Name = "Supplier Part Number 1"; Value = "478-CX2016SA32000H0FLJG1CT-ND"; VariantName = "[No Variations]"
Added Pin To Net: NetName=+3V_CELL Pin=BAT100-2
Added Pin To Net: NetName=+3V_CELL Pin=SW100-1
Added Net: Name=+3V_CELL
Added Pin To Net: NetName=+3V Pin=C100-1
Added Pin To Net: NetName=+3V Pin=C101-1
Added Pin To Net: NetName=+3V Pin=C102-1
Added Pin To Net: NetName=+3V Pin=C103-1
Added Pin To Net: NetName=+3V Pin=C104-1
Added Pin To Net: NetName=+3V Pin=C105-1
Added Pin To Net: NetName=+3V Pin=C107-1
Added Pin To Net: NetName=+3V Pin=C108-1
Added Pin To Net: NetName=+3V Pin=C109-1
Added Pin To Net: NetName=+3V Pin=C201-1
Added Pin To Net: NetName=+3V Pin=C203-1
Added Pin To Net: NetName=+3V Pin=D100-2
Added Pin To Net: NetName=+3V Pin=J400-1
Added Pin To Net: NetName=+3V Pin=J401-1
Added Pin To Net: NetName=+3V Pin=R200-1
Added Pin To Net: NetName=+3V Pin=R201-1
Added Pin To Net: NetName=+3V Pin=R400-1
Added Pin To Net: NetName=+3V Pin=R502-2
Added Pin To Net: NetName=+3V Pin=SW100-2
Added Pin To Net: NetName=+3V Pin=SW300-1
Added Pin To Net: NetName=+3V Pin=TP100-1
Added Pin To Net: NetName=+3V Pin=TP101-1
Added Pin To Net: NetName=+3V Pin=TP103-1
Added Pin To Net: NetName=+3V Pin=U100-5
Added Pin To Net: NetName=+3V Pin=U200-8
Added Pin To Net: NetName=+3V Pin=U200-13
Added Pin To Net: NetName=+3V Pin=U300-1
Added Pin To Net: NetName=+3V Pin=U300-13
Added Pin To Net: NetName=+3V Pin=U300-19
Added Pin To Net: NetName=+3V Pin=U300-32
Added Pin To Net: NetName=+3V Pin=U300-48
Added Pin To Net: NetName=+3V Pin=U300-64
Added Pin To Net: NetName=+3V Pin=U400-1
Added Net: Name=+3V
Added Pin To Net: NetName=BOOT0 Pin=R300-2
Added Pin To Net: NetName=BOOT0 Pin=TP300-1
Added Pin To Net: NetName=BOOT0 Pin=U300-60
Added Net: Name=BOOT0
Added Pin To Net: NetName=BUTTON_INT Pin=R502-1
Added Pin To Net: NetName=BUTTON_INT Pin=SW500-1
Added Pin To Net: NetName=BUTTON_INT Pin=SW500-1
Added Pin To Net: NetName=BUTTON_INT Pin=TP502-1
Added Pin To Net: NetName=BUTTON_INT Pin=U300-39
Added Net: Name=BUTTON_INT
Added Pin To Net: NetName=GND Pin=BAT100-1
Added Pin To Net: NetName=GND Pin=C100-2
Added Pin To Net: NetName=GND Pin=C101-2
Added Pin To Net: NetName=GND Pin=C102-2
Added Pin To Net: NetName=GND Pin=C103-2
Added Pin To Net: NetName=GND Pin=C104-2
Added Pin To Net: NetName=GND Pin=C105-2
Added Pin To Net: NetName=GND Pin=C106-2
Added Pin To Net: NetName=GND Pin=C107-2
Added Pin To Net: NetName=GND Pin=C108-2
Added Pin To Net: NetName=GND Pin=C109-2
Added Pin To Net: NetName=GND Pin=C200-2
Added Pin To Net: NetName=GND Pin=C201-2
Added Pin To Net: NetName=GND Pin=C202-2
Added Pin To Net: NetName=GND Pin=C203-2
Added Pin To Net: NetName=GND Pin=C300-2
Added Pin To Net: NetName=GND Pin=C301-2
Added Pin To Net: NetName=GND Pin=C302-2
Added Pin To Net: NetName=GND Pin=D500-2
Added Pin To Net: NetName=GND Pin=D500-4
Added Pin To Net: NetName=GND Pin=D500-5
Added Pin To Net: NetName=GND Pin=D500-6
Added Pin To Net: NetName=GND Pin=J400-4
Added Pin To Net: NetName=GND Pin=J401-4
Added Pin To Net: NetName=GND Pin=J402-5
Added Pin To Net: NetName=GND Pin=R100-1
Added Pin To Net: NetName=GND Pin=SW100-3
Added Pin To Net: NetName=GND Pin=SW300-3
Added Pin To Net: NetName=GND Pin=SW500-2
Added Pin To Net: NetName=GND Pin=SW500-2
Added Pin To Net: NetName=GND Pin=U100-2
Added Pin To Net: NetName=GND Pin=U200-1
Added Pin To Net: NetName=GND Pin=U200-9
Added Pin To Net: NetName=GND Pin=U200-11
Added Pin To Net: NetName=GND Pin=U200-18
Added Pin To Net: NetName=GND Pin=U200-25
Added Pin To Net: NetName=GND Pin=U300-12
Added Pin To Net: NetName=GND Pin=U300-18
Added Pin To Net: NetName=GND Pin=U300-31
Added Pin To Net: NetName=GND Pin=U300-47
Added Pin To Net: NetName=GND Pin=U300-63
Added Pin To Net: NetName=GND Pin=U400-2
Added Pin To Net: NetName=GND Pin=U401-2
Added Pin To Net: NetName=GND Pin=Y300-3
Added Pin To Net: NetName=GND Pin=Y300-4
Added Net: Name=GND
Added Pin To Net: NetName=I2C_SCL Pin=R200-2
Added Pin To Net: NetName=I2C_SCL Pin=TP200-1
Added Pin To Net: NetName=I2C_SCL Pin=U200-23
Added Pin To Net: NetName=I2C_SCL Pin=U300-50
Added Net: Name=I2C_SCL
Added Pin To Net: NetName=I2C_SDA Pin=R201-2
Added Pin To Net: NetName=I2C_SDA Pin=TP201-1
Added Pin To Net: NetName=I2C_SDA Pin=U200-24
Added Pin To Net: NetName=I2C_SDA Pin=U300-62
Added Net: Name=I2C_SDA
Added Pin To Net: NetName=IMU_CPOUT Pin=C200-1
Added Pin To Net: NetName=IMU_CPOUT Pin=U200-20
Added Net: Name=IMU_CPOUT
Added Pin To Net: NetName=IMU_REGOUT Pin=C202-1
Added Pin To Net: NetName=IMU_REGOUT Pin=U200-10
Added Net: Name=IMU_REGOUT
Added Pin To Net: NetName=MCU_OSC_IN Pin=C301-1
Added Pin To Net: NetName=MCU_OSC_IN Pin=TP302-1
Added Pin To Net: NetName=MCU_OSC_IN Pin=U300-5
Added Pin To Net: NetName=MCU_OSC_IN Pin=Y300-1
Added Net: Name=MCU_OSC_IN
Added Pin To Net: NetName=MCU_OSC_OUT Pin=C302-1
Added Pin To Net: NetName=MCU_OSC_OUT Pin=U300-6
Added Pin To Net: NetName=MCU_OSC_OUT Pin=Y300-2
Added Net: Name=MCU_OSC_OUT
Added Pin To Net: NetName=MCU_PWM_GREEN Pin=R501-1
Added Pin To Net: NetName=MCU_PWM_GREEN Pin=TP501-1
Added Pin To Net: NetName=MCU_PWM_GREEN Pin=U300-59
Added Net: Name=MCU_PWM_GREEN
Added Pin To Net: NetName=MCU_PWM_RED Pin=R500-1
Added Pin To Net: NetName=MCU_PWM_RED Pin=TP500-1
Added Pin To Net: NetName=MCU_PWM_RED Pin=U300-61
Added Net: Name=MCU_PWM_RED
Added Pin To Net: NetName=MCU_SWCLK Pin=J400-2
Added Pin To Net: NetName=MCU_SWCLK Pin=TP400-1
Added Pin To Net: NetName=MCU_SWCLK Pin=U300-49
Added Pin To Net: NetName=MCU_SWCLK Pin=U400-3
Added Net: Name=MCU_SWCLK
Added Pin To Net: NetName=MCU_SWDIO Pin=J400-3
Added Pin To Net: NetName=MCU_SWDIO Pin=TP401-1
Added Pin To Net: NetName=MCU_SWDIO Pin=U300-46
Added Pin To Net: NetName=MCU_SWDIO Pin=U400-4
Added Net: Name=MCU_SWDIO
Added Pin To Net: NetName=MCU_USB_N Pin=J402-2
Added Pin To Net: NetName=MCU_USB_N Pin=TP404-1
Added Pin To Net: NetName=MCU_USB_N Pin=U300-44
Added Pin To Net: NetName=MCU_USB_N Pin=U401-1
Added Net: Name=MCU_USB_N
Added Pin To Net: NetName=MCU_USB_P Pin=J402-3
Added Pin To Net: NetName=MCU_USB_P Pin=R400-2
Added Pin To Net: NetName=MCU_USB_P Pin=TP405-1
Added Pin To Net: NetName=MCU_USB_P Pin=U300-45
Added Pin To Net: NetName=MCU_USB_P Pin=U401-3
Added Net: Name=MCU_USB_P
Added Pin To Net: NetName=NetC300_1 Pin=C300-1
Added Pin To Net: NetName=NetC300_1 Pin=SW301-1
Added Pin To Net: NetName=NetC300_1 Pin=SW301-1
Added Pin To Net: NetName=NetC300_1 Pin=TP301-1
Added Net: Name=NetC300_1
Added Pin To Net: NetName=NetD100_1 Pin=D100-1
Added Pin To Net: NetName=NetD100_1 Pin=R100-2
Added Net: Name=NetD100_1
Added Pin To Net: NetName=NetD500_1 Pin=D500-1
Added Pin To Net: NetName=NetD500_1 Pin=R500-2
Added Net: Name=NetD500_1
Added Pin To Net: NetName=NetD500_3 Pin=D500-3
Added Pin To Net: NetName=NetD500_3 Pin=R501-2
Added Net: Name=NetD500_3
Added Pin To Net: NetName=NetR300_1 Pin=R300-1
Added Pin To Net: NetName=NetR300_1 Pin=SW300-2
Added Net: Name=NetR300_1
Added Pin To Net: NetName=NRST Pin=SW301-2
Added Pin To Net: NetName=NRST Pin=SW301-2
Added Pin To Net: NetName=NRST Pin=U300-7
Added Net: Name=NRST
Added Pin To Net: NetName=USART_RX Pin=J401-2
Added Pin To Net: NetName=USART_RX Pin=TP402-1
Added Pin To Net: NetName=USART_RX Pin=U300-17
Added Pin To Net: NetName=USART_RX Pin=U400-5
Added Net: Name=USART_RX
Added Pin To Net: NetName=USART_TX Pin=J401-3
Added Pin To Net: NetName=USART_TX Pin=TP403-1
Added Pin To Net: NetName=USART_TX Pin=U300-16
Added Pin To Net: NetName=USART_TX Pin=U400-6
Added Net: Name=USART_TX
Added Pin To Net: NetName=USB_VCC Pin=C106-1
Added Pin To Net: NetName=USB_VCC Pin=J402-1
Added Pin To Net: NetName=USB_VCC Pin=TP102-1
Added Pin To Net: NetName=USB_VCC Pin=U100-1
Added Pin To Net: NetName=USB_VCC Pin=U100-3
Added Pin To Net: NetName=USB_VCC Pin=U400-7
Added Net: Name=USB_VCC
Added Differential Pair: Name=MCU_USB
Added Class: Name=USB
